<?xml version="1.0" encoding="UTF-8"?>
<!-- Generated by org.testng.reporters.JUnitReportReporter -->
<testsuite skipped="0" hostname="Rupendranathred" name="com.newtest.restassuredtest.FirstRsetTest" tests="1" failures="0" timestamp="02 Dec 2020 05:26:34 GMT" time="3.557" errors="0">
  <testcase name="postApiRequest" time="3.557" classname="com.newtest.restassuredtest.FirstRsetTest"/>
</testsuite> <!-- com.newtest.restassuredtest.FirstRsetTest -->
